<?xml version="1.0" encoding="UTF-8"?>
<!-- Generated by org.testng.reporters.JUnitXMLReporter -->
<testsuite hostname="GauravAhuja" ignored="14" name="FlipKartTest" tests="2" failures="0" timestamp="2022-05-31T06:33:31 IST" time="82.414" errors="0">
  <testcase name="PlaceOrderEAH" time="63.981" classname="Supporting.EssayAssinmentHelpAU"/>
  <testcase name="PlaceOrderAEW" time="80.618" classname="Supporting.AllEssayWriter"/>
  <testcase name="TopQualityEAH" time="0.0" classname="Supporting.EssayAssinmentHelpAU">
    <ignored/>
  </testcase> <!-- TopQualityEAH -->
  <testcase name="GrapDealAEW" time="0.0" classname="Supporting.AllEssayWriter">
    <ignored/>
  </testcase> <!-- GrapDealAEW -->
  <testcase name="TopQualityAEW" time="0.0" classname="Supporting.AllEssayWriter">
    <ignored/>
  </testcase> <!-- TopQualityAEW -->
  <testcase name="SiezeDiscountEAH" time="0.0" classname="Supporting.EssayAssinmentHelpAU">
    <ignored/>
  </testcase> <!-- SiezeDiscountEAH -->
  <testcase name="SiezeDiscountAEW" time="0.0" classname="Supporting.AllEssayWriter">
    <ignored/>
  </testcase> <!-- SiezeDiscountAEW -->
  <testcase name="ExpertStoppedAEW" time="0.0" classname="Supporting.AllEssayWriter">
    <ignored/>
  </testcase> <!-- ExpertStoppedAEW -->
  <testcase name="ExpertWaitingEAH" time="0.0" classname="Supporting.EssayAssinmentHelpAU">
    <ignored/>
  </testcase> <!-- ExpertWaitingEAH -->
  <testcase name="BestPriceAEW" time="0.0" classname="Supporting.AllEssayWriter">
    <ignored/>
  </testcase> <!-- BestPriceAEW -->
  <testcase name="GrapDealEAH" time="0.0" classname="Supporting.EssayAssinmentHelpAU">
    <ignored/>
  </testcase> <!-- GrapDealEAH -->
  <testcase name="BestExpertWaitingEAH" time="0.0" classname="Supporting.EssayAssinmentHelpAU">
    <ignored/>
  </testcase> <!-- BestExpertWaitingEAH -->
  <testcase name="BestPriceEAH" time="0.0" classname="Supporting.EssayAssinmentHelpAU">
    <ignored/>
  </testcase> <!-- BestPriceEAH -->
  <testcase name="ExpertWaitingAEW" time="0.0" classname="Supporting.AllEssayWriter">
    <ignored/>
  </testcase> <!-- ExpertWaitingAEW -->
  <testcase name="ExpertStoppedEAH" time="0.0" classname="Supporting.EssayAssinmentHelpAU">
    <ignored/>
  </testcase> <!-- ExpertStoppedEAH -->
  <testcase name="BestExpertWaitingAEW" time="0.0" classname="Supporting.AllEssayWriter">
    <ignored/>
  </testcase> <!-- BestExpertWaitingAEW -->
</testsuite> <!-- FlipKartTest -->
