<?xml version="1.0" encoding="UTF-8"?>
<!-- Generated by org.testng.reporters.JUnitXMLReporter -->
<testsuite hostname="GauravAhuja" ignored="0" name="FlipKart" tests="3" failures="0" timestamp="2022-01-15T16:07:02 IST" time="50.735" errors="0">
  <testcase name="ClosePopUp" time="2.811" classname="FlipKart.FlipKartClass"/>
  <testcase name="LauchFlipKart" time="2.378" classname="FlipKart.FlipKartClass"/>
  <testcase name="More" time="0.302" classname="FlipKart.FlipKartClass"/>
</testsuite> <!-- FlipKart -->
