<?xml version="1.0" encoding="UTF-8"?>
<!-- Generated by org.testng.reporters.JUnitXMLReporter -->
<testsuite hostname="GauravAhuja" ignored="0" name="TestN" tests="5" failures="0" timestamp="2022-01-09T16:42:57 IST" time="86.876" errors="0">
  <testcase name="YourAccount" time="5.023" classname="Amazon.TestN1"/>
  <testcase name="YourList" time="1.608" classname="Amazon.TestN1"/>
  <testcase name="Address" time="3.378" classname="Amazon.TestN"/>
  <testcase name="AddressPopUP" time="0.602" classname="Amazon.TestN"/>
  <testcase name="CheckValid" time="1.967" classname="Amazon.TestN"/>
</testsuite> <!-- TestN -->
