<?xml version="1.0" encoding="UTF-8"?>
<testng-results ignored="0" total="2" passed="2" failed="0" skipped="0">
  <reporter-output>
  </reporter-output>
  <suite started-at="2023-09-10T23:45:48 IST" name="Mails suite" finished-at="2023-09-10T23:47:21 IST" duration-ms="92797">
    <groups>
    </groups>
    <test started-at="2023-09-10T23:45:48 IST" name="EAHMails" finished-at="2023-09-10T23:47:21 IST" duration-ms="92797">
      <class name="com.Amazon.Tests.HomePage">
        <test-method is-config="true" signature="browserSetUp()[pri:0, instance:com.Amazon.Tests.HomePage@37654521]" started-at="2023-09-10T23:45:48 IST" name="browserSetUp" finished-at="2023-09-10T23:45:58 IST" duration-ms="9365" status="PASS">
          <reporter-output>
          </reporter-output>
        </test-method> <!-- browserSetUp -->
        <test-method signature="amazonHome()[pri:1, instance:com.Amazon.Tests.HomePage@37654521]" started-at="2023-09-10T23:45:58 IST" name="amazonHome" finished-at="2023-09-10T23:47:08 IST" duration-ms="69861" status="PASS">
          <reporter-output>
          </reporter-output>
        </test-method> <!-- amazonHome -->
        <test-method signature="writeData()[pri:2, instance:com.Amazon.Tests.HomePage@37654521]" started-at="2023-09-10T23:47:08 IST" name="writeData" finished-at="2023-09-10T23:47:21 IST" duration-ms="13333" status="PASS">
          <reporter-output>
          </reporter-output>
        </test-method> <!-- writeData -->
      </class> <!-- com.Amazon.Tests.HomePage -->
    </test> <!-- EAHMails -->
  </suite> <!-- Mails suite -->
</testng-results>
